1685195803348:hello
1685195806700:help
1685195906499:Hi
1685195909196:helllo
1685195917652:hello
1685195943570:hello help
1685195948965:hello --help
1685195953561:hello -h
1685200481803:hello
1685200658917:help
1685201272214:hello mahesh
1685201306009:hello
1685201310390:hello mahesh
1685201413394:hello amh
1685201504383:hello
1685201508216:hello Man
1685201516221:hello -h
1685201577312:hello --arg Mahesh
1685201587179:exit
1685201620133:hello
1685201634478:hello --arg Mahesh
1685201876916:joke-me
